<?xml version="1.0" encoding="UTF-8"?>
<testsuite xmlns:xsi="http://www.w3.org/2001/XMLSchema-instance" xsi:schemaLocation="https://maven.apache.org/surefire/maven-surefire-plugin/xsd/surefire-test-report.xsd" name="automation.challange.TestRunner" time="110.387" tests="26" errors="0" skipped="0" failures="0">
  <properties>
[...]
</properties>
  <testcase name="Given Create New Pet" classname="Scenario: Create Pet And Check" time="0.001"/>
  <testcase name="Then Check Pet Created" classname="Scenario: Create Pet And Check" time="0"/>
  <testcase name="Scenario: Create Pet And Check" classname="Scenario: Create Pet And Check" time="0"/>
  <testcase name="Given Create New Pet" classname="Scenario: Update Pet And Check" time="0"/>
  <testcase name="And Update Pet And Check" classname="Scenario: Update Pet And Check" time="0"/>
  <testcase name="Scenario: Update Pet And Check" classname="Scenario: Update Pet And Check" time="0"/>
  <testcase name="Given Create New Pet" classname="Scenario: Create Order" time="0"/>
  <testcase name="And Order Created Pet" classname="Scenario: Create Order" time="0"/>
  <testcase name="Scenario: Create Order" classname="Scenario: Create Order" time="0"/>
  <testcase name="Given Create New User And Check" classname="Scenario: Create New User And Check" time="0"/>
  <testcase name="Scenario: Create New User And Check" classname="Scenario: Create New User And Check" time="0"/>
  <testcase name="Given Create New User" classname="Scenario: Login With Existing User" time="0"/>
  <testcase name="Given Login With Existing User And Check" classname="Scenario: Login With Existing User" time="0"/>
  <testcase name="Scenario: Login With Existing User" classname="Scenario: Login With Existing User" time="0.001"/>
  <testcase name="Given Navigate to HomePage" classname="Scenario: Wikipedia Logo Check" time="0"/>
  <testcase name="Then Check Wikipedia Logo" classname="Scenario: Wikipedia Logo Check" time="0"/>
  <testcase name="Scenario: Wikipedia Logo Check" classname="Scenario: Wikipedia Logo Check" time="0.103"/>
  <testcase name="Given Navigate to HomePage" classname="Scenario: Wikipedia Search Text And Check" time="0"/>
  <testcase name="When I want to search &quot;Opeth&quot; text on Wikipedia search page and check" classname="Scenario: Wikipedia Search Text And Check" time="0"/>
  <testcase name="Scenario: Wikipedia Search Text And Check" classname="Scenario: Wikipedia Search Text And Check" time="0.089"/>
  <testcase name="Given Navigate to HomePage" classname="Scenario: Search Any Text Which Is Does Not Exists And Check" time="0"/>
  <testcase name="When I want to search &quot;Asdasdwsxwsx&quot; text on Wikipedia search page and check it is does not exists" classname="Scenario: Search Any Text Which Is Does Not Exists And Check" time="0"/>
  <testcase name="Scenario: Search Any Text Which Is Does Not Exists And Check" classname="Scenario: Search Any Text Which Is Does Not Exists And Check" time="0.14"/>
  <testcase name="Given Navigate to HomePage" classname="Scenario: Complex Regular Expression Message Check" time="0"/>
  <testcase name="When I want to search Complex Regular Expression text on Wikipedia search page and check" classname="Scenario: Complex Regular Expression Message Check" time="0"/>
  <testcase name="Scenario: Complex Regular Expression Message Check" classname="Scenario: Complex Regular Expression Message Check" time="0.07"/>
</testsuite>